d:\project\skripsi\animationengine_kinectv4\animationengine_kinectv4\x64\debug\vc141.pdb
d:\project\skripsi\animationengine_kinectv4\animationengine_kinectv4\x64\debug\vc141.idb
d:\project\skripsi\animationengine_kinectv4\animationengine_kinectv4\x64\debug\gl3w.obj
d:\project\skripsi\animationengine_kinectv4\animationengine_kinectv4\x64\debug\mainprogram.obj
d:\project\skripsi\animationengine_kinectv4\animationengine_kinectv4\x64\debug\joint2d.obj
d:\project\skripsi\animationengine_kinectv4\animationengine_kinectv4\x64\debug\frame.obj
d:\project\skripsi\animationengine_kinectv4\animationengine_kinectv4\x64\debug\core.obj
d:\project\skripsi\animationengine_kinectv4\animationengine_kinectv4\x64\debug\component2d.obj
d:\project\skripsi\animationengine_kinectv4\animationengine_kinectv4\x64\debug\bone.obj
d:\project\skripsi\animationengine_kinectv4\animationengine_kinectv4\x64\debug\animationengine.obj
d:\project\skripsi\animationengine_kinectv4\animationengine_kinectv4\x64\debug\imgui_widgets.obj
d:\project\skripsi\animationengine_kinectv4\animationengine_kinectv4\x64\debug\imgui_impl_sdl.obj
d:\project\skripsi\animationengine_kinectv4\animationengine_kinectv4\x64\debug\imgui_impl_opengl3.obj
d:\project\skripsi\animationengine_kinectv4\animationengine_kinectv4\x64\debug\imgui_draw.obj
d:\project\skripsi\animationengine_kinectv4\animationengine_kinectv4\x64\debug\imgui_demo.obj
d:\project\skripsi\animationengine_kinectv4\animationengine_kinectv4\x64\debug\imgui.obj
d:\project\skripsi\animationengine_kinectv4\x64\debug\animationengine_kinectv4.ilk
d:\project\skripsi\animationengine_kinectv4\x64\debug\animationengine_kinectv4.exe
d:\project\skripsi\animationengine_kinectv4\x64\debug\animationengine_kinectv4.pdb
d:\project\skripsi\animationengine_kinectv4\animationengine_kinectv4\x64\debug\animatio.6eaf608e.tlog\cl.command.1.tlog
d:\project\skripsi\animationengine_kinectv4\animationengine_kinectv4\x64\debug\animatio.6eaf608e.tlog\cl.read.1.tlog
d:\project\skripsi\animationengine_kinectv4\animationengine_kinectv4\x64\debug\animatio.6eaf608e.tlog\cl.write.1.tlog
d:\project\skripsi\animationengine_kinectv4\animationengine_kinectv4\x64\debug\animatio.6eaf608e.tlog\link.command.1.tlog
d:\project\skripsi\animationengine_kinectv4\animationengine_kinectv4\x64\debug\animatio.6eaf608e.tlog\link.read.1.tlog
d:\project\skripsi\animationengine_kinectv4\animationengine_kinectv4\x64\debug\animatio.6eaf608e.tlog\link.write.1.tlog
